#-----------------------------------------------------------
# Vivado v2018.3 (64-bit)
# SW Build 2405991 on Thu Dec  6 23:38:27 MST 2018
# IP Build 2404404 on Fri Dec  7 01:43:56 MST 2018
# Start of session at: Tue Feb 22 21:32:09 2022
# Process ID: 10024
# Current directory: E:/BaiduNetDiskdownload/19_an108_adda_hdmi_test
# Command line: vivado.exe -gui_launcher_event rodinguilauncherevent12016 E:\BaiduNetDiskdownload\19_an108_adda_hdmi_test\an108_adda_lcd.xpr
# Log file: E:/BaiduNetDiskdownload/19_an108_adda_hdmi_test/vivado.log
# Journal file: E:/BaiduNetDiskdownload/19_an108_adda_hdmi_test\vivado.jou
#-----------------------------------------------------------
start_gui
open_project E:/BaiduNetDiskdownload/19_an108_adda_hdmi_test/an108_adda_lcd.xpr
Scanning sources...
Finished scanning sources
INFO: [IP_Flow 19-234] Refreshing IP repositories
INFO: [IP_Flow 19-1700] Loaded user IP repository 'e:/BaiduNetDiskdownload/19_an108_adda_hdmi_test/repo'.
INFO: [IP_Flow 19-2313] Loaded Vivado IP repository 'D:/Tools/Xilinx/Vivado/2018.3/data/ip'.
open_project: Time (s): cpu = 00:00:15 ; elapsed = 00:00:10 . Memory (MB): peak = 812.125 ; gain = 195.168
update_compile_order -fileset sources_1
INFO: [Device 21-403] Loading part xc7a35tfgg484-2
WARNING: [IP_Flow 19-4067] Ignoring invalid widget type specified checkbox.Providing a default widget
WARNING: [IP_Flow 19-4067] Ignoring invalid widget type specified checkbox.Providing a default widget
open_hw
connect_hw_server
INFO: [Labtools 27-2285] Connecting to hw_server url TCP:localhost:3121
INFO: [Labtools 27-2222] Launching hw_server...
INFO: [Labtools 27-2221] Launch Output:

****** Xilinx hw_server v2018.3
  **** Build date : Dec  7 2018-00:40:27
    ** Copyright 1986-2018 Xilinx, Inc. All Rights Reserved.


open_hw_target
INFO: [Labtoolstcl 44-466] Opening hw_target localhost:3121/xilinx_tcf/Digilent/210241320090
ERROR: [Labtools 27-2269] No devices detected on target localhost:3121/xilinx_tcf/Digilent/210241320090.
Check cable connectivity and that the target board is powered up then
use the disconnect_hw_server and connect_hw_server to re-register this hardware target.
ERROR: [Common 17-39] 'open_hw_target' failed due to earlier errors.
set_property PROBES.FILE {} [get_hw_devices xc7a35t_0]
set_property FULL_PROBES.FILE {} [get_hw_devices xc7a35t_0]
set_property PROGRAM.FILE {E:/BaiduNetDiskdownload/19_an108_adda_hdmi_test/an108_adda_lcd.runs/impl_2/top.bit} [get_hw_devices xc7a35t_0]
program_hw_devices [get_hw_devices xc7a35t_0]
INFO: [Labtools 27-3164] End of startup status: HIGH
refresh_hw_device [lindex [get_hw_devices xc7a35t_0] 0]
INFO: [Labtools 27-1434] Device xc7a35t (JTAG device index = 0) is programmed with a design that has no supported debug core(s) in it.
ERROR: [Labtoolstcl 44-513] HW Target shutdown. Closing target: localhost:3121/xilinx_tcf/Digilent/210241320090
close_hw
set_property -dict [list CONFIG.CLKOUT2_REQUESTED_OUT_FREQ {100} CONFIG.MMCM_DIVCLK_DIVIDE {1} CONFIG.MMCM_CLKOUT1_DIVIDE {10} CONFIG.CLKOUT2_JITTER {162.035}] [get_ips adda_pll]
generate_target all [get_files  E:/BaiduNetDiskdownload/19_an108_adda_hdmi_test/an108_adda_lcd.srcs/sources_1/ip/adda_pll/adda_pll.xci]
INFO: [IP_Flow 19-1686] Generating 'Instantiation Template' target for IP 'adda_pll'...
INFO: [IP_Flow 19-1686] Generating 'Synthesis' target for IP 'adda_pll'...
INFO: [IP_Flow 19-1686] Generating 'Simulation' target for IP 'adda_pll'...
INFO: [IP_Flow 19-1686] Generating 'Implementation' target for IP 'adda_pll'...
INFO: [IP_Flow 19-1686] Generating 'Change Log' target for IP 'adda_pll'...
export_ip_user_files -of_objects [get_files E:/BaiduNetDiskdownload/19_an108_adda_hdmi_test/an108_adda_lcd.srcs/sources_1/ip/adda_pll/adda_pll.xci] -no_script -sync -force -quiet
reset_run adda_pll_synth_1
launch_runs -jobs 6 adda_pll_synth_1
[Wed Feb 23 17:55:53 2022] Launched adda_pll_synth_1...
Run output will be captured here: E:/BaiduNetDiskdownload/19_an108_adda_hdmi_test/an108_adda_lcd.runs/adda_pll_synth_1/runme.log
export_simulation -of_objects [get_files E:/BaiduNetDiskdownload/19_an108_adda_hdmi_test/an108_adda_lcd.srcs/sources_1/ip/adda_pll/adda_pll.xci] -directory E:/BaiduNetDiskdownload/19_an108_adda_hdmi_test/an108_adda_lcd.ip_user_files/sim_scripts -ip_user_files_dir E:/BaiduNetDiskdownload/19_an108_adda_hdmi_test/an108_adda_lcd.ip_user_files -ipstatic_source_dir E:/BaiduNetDiskdownload/19_an108_adda_hdmi_test/an108_adda_lcd.ip_user_files/ipstatic -lib_map_path [list {modelsim=E:/BaiduNetDiskdownload/19_an108_adda_hdmi_test/an108_adda_lcd.cache/compile_simlib/modelsim} {questa=E:/BaiduNetDiskdownload/19_an108_adda_hdmi_test/an108_adda_lcd.cache/compile_simlib/questa} {riviera=E:/BaiduNetDiskdownload/19_an108_adda_hdmi_test/an108_adda_lcd.cache/compile_simlib/riviera} {activehdl=E:/BaiduNetDiskdownload/19_an108_adda_hdmi_test/an108_adda_lcd.cache/compile_simlib/activehdl}] -use_ip_compiled_libs -force -quiet
reset_run synth_2
WARNING: [Vivado 12-1017] Problems encountered:
1. Failed to delete one or more files in run directory E:/BaiduNetDiskdownload/19_an108_adda_hdmi_test/an108_adda_lcd.runs/synth_2

launch_runs synth_2 -jobs 6
[Wed Feb 23 17:57:44 2022] Launched synth_2...
Run output will be captured here: E:/BaiduNetDiskdownload/19_an108_adda_hdmi_test/an108_adda_lcd.runs/synth_2/runme.log
launch_runs impl_2 -jobs 6
[Wed Feb 23 17:58:26 2022] Launched impl_2...
Run output will be captured here: E:/BaiduNetDiskdownload/19_an108_adda_hdmi_test/an108_adda_lcd.runs/impl_2/runme.log
launch_runs impl_2 -to_step write_bitstream -jobs 6
[Wed Feb 23 17:59:44 2022] Launched impl_2...
Run output will be captured here: E:/BaiduNetDiskdownload/19_an108_adda_hdmi_test/an108_adda_lcd.runs/impl_2/runme.log
open_hw
connect_hw_server
INFO: [Labtools 27-2285] Connecting to hw_server url TCP:localhost:3121
INFO: [Labtools 27-2222] Launching hw_server...
INFO: [Labtools 27-2221] Launch Output:

****** Xilinx hw_server v2018.3
  **** Build date : Dec  7 2018-00:40:27
    ** Copyright 1986-2018 Xilinx, Inc. All Rights Reserved.


open_hw_target
INFO: [Labtoolstcl 44-466] Opening hw_target localhost:3121/xilinx_tcf/Digilent/210241320090
set_property PROGRAM.FILE {E:/BaiduNetDiskdownload/19_an108_adda_hdmi_test/an108_adda_lcd.runs/impl_2/top.bit} [get_hw_devices xc7a35t_0]
current_hw_device [get_hw_devices xc7a35t_0]
refresh_hw_device -update_hw_probes false [lindex [get_hw_devices xc7a35t_0] 0]
INFO: [Labtools 27-1434] Device xc7a35t (JTAG device index = 0) is programmed with a design that has no supported debug core(s) in it.
set_property PROBES.FILE {} [get_hw_devices xc7a35t_0]
set_property FULL_PROBES.FILE {} [get_hw_devices xc7a35t_0]
set_property PROGRAM.FILE {E:/BaiduNetDiskdownload/19_an108_adda_hdmi_test/an108_adda_lcd.runs/impl_2/top.bit} [get_hw_devices xc7a35t_0]
program_hw_devices [get_hw_devices xc7a35t_0]
INFO: [Labtools 27-3164] End of startup status: HIGH
refresh_hw_device [lindex [get_hw_devices xc7a35t_0] 0]
INFO: [Labtools 27-1434] Device xc7a35t (JTAG device index = 0) is programmed with a design that has no supported debug core(s) in it.
ERROR: [Labtoolstcl 44-513] HW Target shutdown. Closing target: localhost:3121/xilinx_tcf/Digilent/210241320090
exit
INFO: [Common 17-206] Exiting Vivado at Wed Feb 23 22:55:44 2022...
